ARM GAS  /tmp/cc8uQzxv.s 			page 1


   1              		.cpu cortex-m7
   2              		.eabi_attribute 28, 1
   3              		.eabi_attribute 20, 1
   4              		.eabi_attribute 21, 1
   5              		.eabi_attribute 23, 3
   6              		.eabi_attribute 24, 1
   7              		.eabi_attribute 25, 1
   8              		.eabi_attribute 26, 1
   9              		.eabi_attribute 30, 2
  10              		.eabi_attribute 34, 1
  11              		.eabi_attribute 18, 4
  12              		.file	"gpio.c"
  13              		.text
  14              	.Ltext0:
  15              		.cfi_sections	.debug_frame
  16              		.section	.text.MX_GPIO_Init,"ax",%progbits
  17              		.align	1
  18              		.p2align 2,,3
  19              		.global	MX_GPIO_Init
  20              		.arch armv7e-m
  21              		.syntax unified
  22              		.thumb
  23              		.thumb_func
  24              		.fpu fpv5-d16
  26              	MX_GPIO_Init:
  27              	.LFB144:
  28              		.file 1 "Core/Src/gpio.c"
   1:Core/Src/gpio.c **** /* USER CODE BEGIN Header */
   2:Core/Src/gpio.c **** /**
   3:Core/Src/gpio.c ****   ******************************************************************************
   4:Core/Src/gpio.c ****   * @file    gpio.c
   5:Core/Src/gpio.c ****   * @brief   This file provides code for the configuration
   6:Core/Src/gpio.c ****   *          of all used GPIO pins.
   7:Core/Src/gpio.c ****   ******************************************************************************
   8:Core/Src/gpio.c ****   * @attention
   9:Core/Src/gpio.c ****   *
  10:Core/Src/gpio.c ****   * Copyright (c) 2022 STMicroelectronics.
  11:Core/Src/gpio.c ****   * All rights reserved.
  12:Core/Src/gpio.c ****   *
  13:Core/Src/gpio.c ****   * This software is licensed under terms that can be found in the LICENSE file
  14:Core/Src/gpio.c ****   * in the root directory of this software component.
  15:Core/Src/gpio.c ****   * If no LICENSE file comes with this software, it is provided AS-IS.
  16:Core/Src/gpio.c ****   *
  17:Core/Src/gpio.c ****   ******************************************************************************
  18:Core/Src/gpio.c ****   */
  19:Core/Src/gpio.c **** /* USER CODE END Header */
  20:Core/Src/gpio.c **** 
  21:Core/Src/gpio.c **** /* Includes ------------------------------------------------------------------*/
  22:Core/Src/gpio.c **** #include "gpio.h"
  23:Core/Src/gpio.c **** 
  24:Core/Src/gpio.c **** /* USER CODE BEGIN 0 */
  25:Core/Src/gpio.c **** 
  26:Core/Src/gpio.c **** /* USER CODE END 0 */
  27:Core/Src/gpio.c **** 
  28:Core/Src/gpio.c **** /*----------------------------------------------------------------------------*/
  29:Core/Src/gpio.c **** /* Configure GPIO                                                             */
  30:Core/Src/gpio.c **** /*----------------------------------------------------------------------------*/
ARM GAS  /tmp/cc8uQzxv.s 			page 2


  31:Core/Src/gpio.c **** /* USER CODE BEGIN 1 */
  32:Core/Src/gpio.c **** 
  33:Core/Src/gpio.c **** /* USER CODE END 1 */
  34:Core/Src/gpio.c **** 
  35:Core/Src/gpio.c **** /** Pinout Configuration
  36:Core/Src/gpio.c **** */
  37:Core/Src/gpio.c **** void MX_GPIO_Init(void)
  38:Core/Src/gpio.c **** {
  29              		.loc 1 38 1 view -0
  30              		.cfi_startproc
  31              		@ args = 0, pretend = 0, frame = 8
  32              		@ frame_needed = 0, uses_anonymous_args = 0
  33              		@ link register save eliminated.
  39:Core/Src/gpio.c **** 
  40:Core/Src/gpio.c ****   /* GPIO Ports Clock Enable */
  41:Core/Src/gpio.c ****   __HAL_RCC_GPIOA_CLK_ENABLE();
  34              		.loc 1 41 3 view .LVU1
  35              	.LBB2:
  36              		.loc 1 41 3 view .LVU2
  37              		.loc 1 41 3 view .LVU3
  38 0000 074B     		ldr	r3, .L4
  39              	.LBE2:
  38:Core/Src/gpio.c **** 
  40              		.loc 1 38 1 is_stmt 0 view .LVU4
  41 0002 82B0     		sub	sp, sp, #8
  42              	.LCFI0:
  43              		.cfi_def_cfa_offset 8
  44              	.LBB3:
  45              		.loc 1 41 3 view .LVU5
  46 0004 D3F8E020 		ldr	r2, [r3, #224]
  47 0008 42F00102 		orr	r2, r2, #1
  48 000c C3F8E020 		str	r2, [r3, #224]
  49              		.loc 1 41 3 is_stmt 1 view .LVU6
  50 0010 D3F8E030 		ldr	r3, [r3, #224]
  51 0014 03F00103 		and	r3, r3, #1
  52 0018 0193     		str	r3, [sp, #4]
  53              		.loc 1 41 3 view .LVU7
  54 001a 019B     		ldr	r3, [sp, #4]
  55              	.LBE3:
  56              		.loc 1 41 3 view .LVU8
  42:Core/Src/gpio.c **** 
  43:Core/Src/gpio.c **** }
  57              		.loc 1 43 1 is_stmt 0 view .LVU9
  58 001c 02B0     		add	sp, sp, #8
  59              	.LCFI1:
  60              		.cfi_def_cfa_offset 0
  61              		@ sp needed
  62 001e 7047     		bx	lr
  63              	.L5:
  64              		.align	2
  65              	.L4:
  66 0020 00440258 		.word	1476543488
  67              		.cfi_endproc
  68              	.LFE144:
  70              		.text
  71              	.Letext0:
  72              		.file 2 "Drivers/CMSIS/Device/ST/STM32H7xx/Include/stm32h743xx.h"
ARM GAS  /tmp/cc8uQzxv.s 			page 3


  73              		.file 3 "/usr/lib/gcc/arm-none-eabi/10.3.1/include/stdint.h"
ARM GAS  /tmp/cc8uQzxv.s 			page 4


DEFINED SYMBOLS
                            *ABS*:0000000000000000 gpio.c
     /tmp/cc8uQzxv.s:17     .text.MX_GPIO_Init:0000000000000000 $t
     /tmp/cc8uQzxv.s:26     .text.MX_GPIO_Init:0000000000000000 MX_GPIO_Init
     /tmp/cc8uQzxv.s:66     .text.MX_GPIO_Init:0000000000000020 $d

NO UNDEFINED SYMBOLS
